dispatcher.py 2025-05-27 16:03:26,002 INFO Start polling
dispatcher.py 2025-05-27 16:03:26,193 INFO Run polling for bot @annoying_raccoon_bot id=6061234208 - 'Курс валют'
bot.py 2025-05-27 16:03:26,257 INFO Боту пришло сообщение: "Юбка детская ORBY от Артем"
bot.py 2025-05-27 16:03:26,534 INFO Бот ответил: "Юбка детская ORBY (58e3cfe6132ca50e053f5f82)"
dispatcher.py 2025-05-27 16:03:26,535 INFO Update id=372569975 is handled. Duration 282 ms by bot id=6061234208
bot.py 2025-05-27 16:03:37,865 INFO Боту пришло сообщение: ",kf ,kf ,kf от Артем"
bot.py 2025-05-27 16:03:37,938 INFO Бот ответил: "<p> Натрий хлорид вроде бы </p>. 
"
dispatcher.py 2025-05-27 16:03:37,938 INFO Update id=372569976 is handled. Duration 78 ms by bot id=6061234208
bot.py 2025-05-27 16:03:44,269 INFO Боту пришло сообщение: "бла бла бла от Артем"
bot.py 2025-05-27 16:03:44,347 INFO Бот ответил: "так ты оригинал.. 
"
dispatcher.py 2025-05-27 16:03:44,347 INFO Update id=372569977 is handled. Duration 77 ms by bot id=6061234208
bot.py 2025-05-27 16:04:07,132 INFO Боту пришло сообщение: "Где ключи от танка от Артем"
bot.py 2025-05-27 16:04:07,272 INFO Бот ответил: "А что его визуально не видно? В чем проблема?. 
"
dispatcher.py 2025-05-27 16:04:07,273 INFO Update id=372569978 is handled. Duration 141 ms by bot id=6061234208
bot.py 2025-05-27 16:04:12,523 INFO Боту пришло сообщение: "Где ключи от танка от Артем"
bot.py 2025-05-27 16:04:12,606 INFO Бот ответил: "А что его визуально не видно? В чем проблема?. 
"
dispatcher.py 2025-05-27 16:04:12,607 INFO Update id=372569979 is handled. Duration 93 ms by bot id=6061234208
bot.py 2025-05-27 16:04:22,516 INFO Боту пришло сообщение: "Юбка Белая по.Турция фирма adL от Артем"
bot.py 2025-05-27 16:04:22,674 INFO Бот ответил: "Юбка (5b5f181c62e1c6616a7f6472)"
dispatcher.py 2025-05-27 16:04:22,674 INFO Update id=372569980 is handled. Duration 156 ms by bot id=6061234208
bot.py 2025-05-27 16:05:37,112 INFO Боту пришло сообщение: "ьбнкгб от Артем"
bot.py 2025-05-27 16:05:37,254 INFO Бот ответил: "Если это не касается дорогих вещей, картин, ювелирных украшений.. 
"
dispatcher.py 2025-05-27 16:05:37,255 INFO Update id=372569981 is handled. Duration 140 ms by bot id=6061234208
bot.py 2025-05-27 16:05:51,212 INFO Боту пришло сообщение: "цкп3кйрпй35п от Артем"
bot.py 2025-05-27 16:05:51,286 INFO Бот ответил: "Если это не касается дорогих вещей, картин, ювелирных украшений.. 
"
dispatcher.py 2025-05-27 16:05:51,286 INFO Update id=372569982 is handled. Duration 63 ms by bot id=6061234208
bot.py 2025-05-27 16:05:57,356 INFO Боту пришло сообщение: "цукен от Артем"
bot.py 2025-05-27 16:05:57,438 INFO Бот ответил: "Если это не касается дорогих вещей, картин, ювелирных украшений.. 
"
dispatcher.py 2025-05-27 16:05:57,438 INFO Update id=372569983 is handled. Duration 78 ms by bot id=6061234208
bot.py 2025-05-27 16:06:03,695 INFO Боту пришло сообщение: "юбка от Артем"
bot.py 2025-05-27 16:06:03,898 INFO Бот ответил: "Юбка (592d1b8a02a55847af58e882)"
dispatcher.py 2025-05-27 16:06:03,899 INFO Update id=372569984 is handled. Duration 218 ms by bot id=6061234208
bot.py 2025-05-27 16:06:11,843 INFO Боту пришло сообщение: "кларнет от Артем"
bot.py 2025-05-27 16:06:11,932 INFO Бот ответил: ""Я понял вдруг, что у любой мелодии есть свой точный смысл. И ещё мне представилось, что все мы — всего лишь звуки, летящие из-под пальцев неведомого пианиста, просто короткие терции, плавные сексты и диссонирующие септимы в грандиозной симфонии, которую никому из нас не дано услышать целиком".<br>(В. Пелевин). 
"
dispatcher.py 2025-05-27 16:06:11,933 INFO Update id=372569985 is handled. Duration 94 ms by bot id=6061234208
bot.py 2025-05-27 16:06:19,146 INFO Боту пришло сообщение: "/start от Georgy"
bot.py 2025-05-27 16:06:19,243 INFO Бот ответил: "Приветствую, Georgy! Я помогу тебе подобрать товарВведи название или описание товара и я подберу его для тебя"
dispatcher.py 2025-05-27 16:06:19,243 INFO Update id=372569986 is handled. Duration 108 ms by bot id=6061234208
bot.py 2025-05-27 16:07:59,468 INFO Боту пришло сообщение: "Ктулху от Georgy"
bot.py 2025-05-27 16:07:59,606 INFO Бот ответил: "Ктулху - злобное божество из неомифологии американского писателя Лавкрафта. 
"
dispatcher.py 2025-05-27 16:07:59,607 INFO Update id=372569987 is handled. Duration 141 ms by bot id=6061234208
bot.py 2025-05-27 16:09:55,239 INFO Боту пришло сообщение: "Костя Полухин от Georgy"
bot.py 2025-05-27 16:09:55,310 INFO Бот ответил: "http://www.proza.ru/2010/06/26/790. 
"
dispatcher.py 2025-05-27 16:09:55,310 INFO Update id=372569988 is handled. Duration 78 ms by bot id=6061234208
bot.py 2025-05-27 16:11:19,182 INFO Боту пришло сообщение: "Person of interest от Georgy"
bot.py 2025-05-27 16:11:19,293 INFO Бот ответил: "<h2>Краткое описание</h2> <h2>Лицензирование</h2>. 
"
dispatcher.py 2025-05-27 16:11:19,294 INFO Update id=372569989 is handled. Duration 125 ms by bot id=6061234208
bot.py 2025-05-27 16:13:04,096 INFO Боту пришло сообщение: "георгий от Артем"
bot.py 2025-05-27 16:13:04,192 INFO Бот ответил: "<p>Георгий Гумилевский:</p> <ul> <li>Гумилевский, Георгий Константинович (1902—1975) — советский актёр театра и кино.</li> <li>Гумилевский, Георгий Петрович (Рафаил; 1887—1938) — епископ Русской православной церкви, епископ Александровский, викарий Ставропольской епархии.</li> </ul>. 
"
dispatcher.py 2025-05-27 16:13:04,194 INFO Update id=372569990 is handled. Duration 94 ms by bot id=6061234208
bot.py 2025-05-27 16:13:14,576 INFO Боту пришло сообщение: "Лукойл от Артем"
bot.py 2025-05-27 16:13:14,647 INFO Бот ответил: "АЛСУ наверное..... 
"
dispatcher.py 2025-05-27 16:13:14,648 INFO Update id=372569991 is handled. Duration 63 ms by bot id=6061234208
dispatcher.py 2025-05-27 16:13:29,939 INFO Polling stopped
dispatcher.py 2025-05-27 16:13:30,200 INFO Polling stopped for bot @annoying_raccoon_bot id=6061234208 - 'Курс валют'
